[debug] [2022-03-01T02:12:45.818Z] ----------------------------------------------------------------------
[debug] [2022-03-01T02:12:45.820Z] Command:       C:\Program Files\nodejs\node.exe C:\Users\user\AppData\Roaming\npm\node_modules\firebase-tools\lib\bin\firebase.js init
[debug] [2022-03-01T02:12:45.820Z] CLI Version:   10.1.4
[debug] [2022-03-01T02:12:45.820Z] Platform:      win32
[debug] [2022-03-01T02:12:45.820Z] Node Version:  v16.13.1
[debug] [2022-03-01T02:12:45.821Z] Time:          Mon Feb 28 2022 21:12:45 GMT-0500 (Eastern Standard Time)
[debug] [2022-03-01T02:12:45.822Z] ----------------------------------------------------------------------
[debug] 
[debug] [2022-03-01T02:12:45.825Z] >>> [apiv2][query] GET https://firebase-public.firebaseio.com/cli.json [none]
[debug] [2022-03-01T02:12:45.917Z] > command requires scopes: ["email","openid","https://www.googleapis.com/auth/cloudplatformprojects.readonly","https://www.googleapis.com/auth/firebase","https://www.googleapis.com/auth/cloud-platform"]
[debug] [2022-03-01T02:12:45.917Z] > authorizing via signed-in user (makerclub.tulc@gmail.com)
[info] 
     ######## #### ########  ######## ########     ###     ######  ########
     ##        ##  ##     ## ##       ##     ##  ##   ##  ##       ##
     ######    ##  ########  ######   ########  #########  ######  ######
     ##        ##  ##    ##  ##       ##     ## ##     ##       ## ##
     ##       #### ##     ## ######## ########  ##     ##  ######  ########

You're about to initialize a Firebase project in this directory:

  C:\Users\user\Desktop\projects\minesweeper

Before we get started, keep in mind:

  * You are initializing within an existing Firebase project directory

[debug] [2022-03-01T02:12:46.099Z] <<< [apiv2][status] GET https://firebase-public.firebaseio.com/cli.json 200
[debug] [2022-03-01T02:12:46.099Z] <<< [apiv2][body] GET https://firebase-public.firebaseio.com/cli.json {"cloudBuildErrorAfter":1594252800000,"cloudBuildWarnAfter":1590019200000,"defaultNode10After":1594252800000,"minVersion":"3.0.5","node8DeploysDisabledAfter":1613390400000,"node8RuntimeDisabledAfter":1615809600000,"node8WarnAfter":1600128000000}
